#
# A fatal error has been detected by the Java Runtime Environment:
#
#  EXCEPTION_ACCESS_VIOLATION (0xc0000005) at pc=0x0000000051e8f892, pid=32248, tid=0x0000000000006b50
#
# JRE version: OpenJDK Runtime Environment (8.0_212-b04) (build 1.8.0_212-release-1586-b04)
# Java VM: OpenJDK 64-Bit Server VM (25.212-b04 mixed mode windows-amd64 compressed oops)
# Problematic frame:
# V  [jvm.dll+0x4df892]
#
# Failed to write core dump. Minidumps are not enabled by default on client versions of Windows
#
# If you would like to submit a bug report, please visit:
#   
#

---------------  T H R E A D  ---------------

Current thread (0x0000000015e29000):  JavaThread "C2 CompilerThread0" daemon [_thread_in_native, id=27472, stack(0x0000000016760000,0x0000000016860000)]

siginfo: ExceptionCode=0xc0000005, reading address 0xffffffffffffffff

Registers:
RAX=0x000000001b88a518, RBX=0x0000000000000040, RCX=0x7e817e817e817e81, RDX=0x0000000000000008
RSP=0x000000001685c0c0, RBP=0x000000001685c1c0, RSI=0x0000000021100560, RDI=0x000000001685c5a0
R8 =0x0000000000000005, R9 =0x0000000000000008, R10=0x00000000211007c0, R11=0x000000001685c5a0
R12=0x0000000022063da0, R13=0x0000000015ea1c60, R14=0x0000000000000001, R15=0x0000000000000001
RIP=0x0000000051e8f892, EFLAGS=0x0000000000010297

Top of Stack: (sp=0x000000001685c0c0)
0x000000001685c0c0:   000000001685c5a0 0000000021525558
0x000000001685c0d0:   0000000000000001 00000000211007c0
0x000000001685c0e0:   0000000018e8a8b0 0000000018e8a870
0x000000001685c0f0:   0000000000000001 00000000ffffffff
0x000000001685c100:   0000000022063da0 0000004000000000
0x000000001685c110:   0000000000000000 0000000000000007
0x000000001685c120:   000000001b24c520 00000000211007c0
0x000000001685c130:   0000000015ea3f80 00000001000002a6
0x000000001685c140:   00000000211007c0 0000000000000010
0x000000001685c150:   0000000015ea1c60 00000000000002a6
0x000000001685c160:   00000000000000a0 0000000015ea1c60
0x000000001685c170:   00000000001a9b88 0000000015e9f9b0
0x000000001685c180:   0000000015ea7998 0000000014014b50
0x000000001685c190:   0000000000000000 0000000000000000
0x000000001685c1a0:   0000000000000000 0000000000000000
0x000000001685c1b0:   0000000000000000 00000000000e2680 

Instructions: (pc=0x0000000051e8f892)
0x0000000051e8f872:   c6 76 3a 45 8b 4c 24 18 41 8d 56 07 66 90 45 3b
0x0000000051e8f882:   f9 73 0b 49 8b 44 24 20 48 8b 0c 02 eb 02 33 c9
0x0000000051e8f892:   0f b6 41 2c 24 0f 3c 0c 75 0c 41 ff c7 48 83 c2
0x0000000051e8f8a2:   08 45 3b f8 72 d8 44 89 bd 80 00 00 00 33 c0 40 


Register to memory mapping:

RAX=0x000000001b88a518 is an unknown value
RBX=0x0000000000000040 is an unknown value
RCX=0x7e817e817e817e81 is an unknown value
RDX=0x0000000000000008 is an unknown value
RSP=0x000000001685c0c0 is pointing into the stack for thread: 0x0000000015e29000
RBP=0x000000001685c1c0 is pointing into the stack for thread: 0x0000000015e29000
RSI=0x0000000021100560 is an unknown value
RDI=0x000000001685c5a0 is pointing into the stack for thread: 0x0000000015e29000
R8 =0x0000000000000005 is an unknown value
R9 =0x0000000000000008 is an unknown value
R10=0x00000000211007c0 is an unknown value
R11=0x000000001685c5a0 is pointing into the stack for thread: 0x0000000015e29000
R12=0x0000000022063da0 is an unknown value
R13=0x0000000015ea1c60 is an unknown value
R14=0x0000000000000001 is an unknown value
R15=0x0000000000000001 is an unknown value


Stack: [0x0000000016760000,0x0000000016860000],  sp=0x000000001685c0c0,  free space=1008k
Native frames: (J=compiled Java code, j=interpreted, Vv=VM code, C=native code)
V  [jvm.dll+0x4df892]
V  [jvm.dll+0x436e53]
V  [jvm.dll+0x44189b]
V  [jvm.dll+0x444198]
V  [jvm.dll+0x4272e2]
V  [jvm.dll+0x81fbf]
V  [jvm.dll+0x8291f]
V  [jvm.dll+0x21db3f]
V  [jvm.dll+0x26f53a]
C  [msvcr100.dll+0x21d9f]
C  [msvcr100.dll+0x21e3b]
C  [KERNEL32.DLL+0x154e0]
C  [ntdll.dll+0x485b]


Current CompileTask:
C2: 137144 10894   !   4       java.net.URL::<init> (543 bytes)


---------------  P R O C E S S  ---------------

Java Threads: ( => current thread )
  0x00000000193de000 JavaThread "Memory manager" [_thread_blocked, id=23400, stack(0x00000000283b0000,0x00000000284b0000)]
  0x00000000193dc000 JavaThread "jar transforms Thread 111" [_thread_blocked, id=31924, stack(0x0000000029830000,0x0000000029930000)]
  0x00000000193d9800 JavaThread "jar transforms Thread 110" [_thread_blocked, id=28404, stack(0x0000000029730000,0x0000000029830000)]
  0x00000000193db000 JavaThread "jar transforms Thread 109" [_thread_blocked, id=29196, stack(0x0000000029630000,0x0000000029730000)]
  0x00000000193d3800 JavaThread "jar transforms Thread 108" [_thread_blocked, id=32960, stack(0x0000000029530000,0x0000000029630000)]
  0x00000000193d4800 JavaThread "jar transforms Thread 107" [_thread_blocked, id=32420, stack(0x0000000029430000,0x0000000029530000)]
  0x00000000193d9000 JavaThread "jar transforms Thread 106" [_thread_blocked, id=30860, stack(0x0000000029330000,0x0000000029430000)]
  0x00000000193d6000 JavaThread "jar transforms Thread 105" [_thread_blocked, id=18116, stack(0x0000000029230000,0x0000000029330000)]
  0x00000000193da800 JavaThread "jar transforms Thread 104" [_thread_blocked, id=33644, stack(0x0000000029130000,0x0000000029230000)]
  0x00000000193d7800 JavaThread "jar transforms Thread 103" [_thread_blocked, id=18112, stack(0x0000000029030000,0x0000000029130000)]
  0x00000000193d6800 JavaThread "jar transforms Thread 102" [_thread_blocked, id=25864, stack(0x00000000287e0000,0x00000000288e0000)]
  0x00000000193d8000 JavaThread "jar transforms Thread 101" [_thread_blocked, id=31028, stack(0x00000000286e0000,0x00000000287e0000)]
  0x00000000220ba800 JavaThread "jar transforms Thread 100" [_thread_blocked, id=32564, stack(0x0000000028d00000,0x0000000028e00000)]
  0x00000000220b9000 JavaThread "jar transforms Thread 99" [_thread_blocked, id=27700, stack(0x0000000028c00000,0x0000000028d00000)]
  0x00000000220bb800 JavaThread "jar transforms Thread 98" [_thread_blocked, id=512, stack(0x0000000028b00000,0x0000000028c00000)]
  0x00000000220b8800 JavaThread "jar transforms Thread 97" [_thread_blocked, id=27084, stack(0x0000000028a00000,0x0000000028b00000)]
  0x00000000220ba000 JavaThread "jar transforms Thread 96" [_thread_blocked, id=10428, stack(0x0000000028900000,0x0000000028a00000)]
  0x00000000220b7800 JavaThread "jar transforms Thread 95" [_thread_blocked, id=24552, stack(0x00000000284c0000,0x00000000285c0000)]
  0x00000000220b0000 JavaThread "jar transforms Thread 94" [_thread_blocked, id=9192, stack(0x00000000285e0000,0x00000000286e0000)]
  0x00000000220b7000 JavaThread "jar transforms Thread 93" [_thread_blocked, id=28804, stack(0x0000000027f80000,0x0000000028080000)]
  0x00000000220b6000 JavaThread "jar transforms Thread 92" [_thread_blocked, id=18776, stack(0x00000000280b0000,0x00000000281b0000)]
  0x00000000220b5800 JavaThread "jar transforms Thread 91" [_thread_blocked, id=25744, stack(0x0000000027e80000,0x0000000027f80000)]
  0x00000000220b4800 JavaThread "jar transforms Thread 90" [_thread_blocked, id=1956, stack(0x0000000027d80000,0x0000000027e80000)]
  0x00000000220ad000 JavaThread "jar transforms Thread 89" [_thread_blocked, id=3956, stack(0x0000000027c80000,0x0000000027d80000)]
  0x00000000220b2800 JavaThread "jar transforms Thread 88" [_thread_blocked, id=17080, stack(0x0000000027b80000,0x0000000027c80000)]
  0x00000000220b4000 JavaThread "jar transforms Thread 87" [_thread_blocked, id=30644, stack(0x0000000027790000,0x0000000027890000)]
  0x00000000220ac800 JavaThread "jar transforms Thread 86" [_thread_blocked, id=32872, stack(0x00000000278b0000,0x00000000279b0000)]
  0x00000000220af800 JavaThread "jar transforms Thread 85" [_thread_blocked, id=27552, stack(0x0000000027020000,0x0000000027120000)]
  0x00000000220ae800 JavaThread "jar transforms Thread 84" [_thread_blocked, id=16908, stack(0x0000000027a80000,0x0000000027b80000)]
  0x00000000220ae000 JavaThread "jar transforms Thread 83" [_thread_blocked, id=26684, stack(0x0000000027690000,0x0000000027790000)]
  0x00000000220b1800 JavaThread "jar transforms Thread 82" [_thread_blocked, id=29352, stack(0x0000000027590000,0x0000000027690000)]
  0x00000000220b3000 JavaThread "jar transforms Thread 81" [_thread_blocked, id=26780, stack(0x0000000027490000,0x0000000027590000)]
  0x00000000220b1000 JavaThread "jar transforms Thread 80" [_thread_blocked, id=21652, stack(0x0000000027390000,0x0000000027490000)]
  0x00000000160be000 JavaThread "jar transforms Thread 79" [_thread_blocked, id=2176, stack(0x0000000027290000,0x0000000027390000)]
  0x00000000160bd800 JavaThread "jar transforms Thread 78" [_thread_blocked, id=18916, stack(0x0000000027190000,0x0000000027290000)]
  0x00000000160bc800 JavaThread "jar transforms Thread 77" [_thread_blocked, id=9888, stack(0x0000000026bd0000,0x0000000026cd0000)]
  0x00000000160bb000 JavaThread "jar transforms Thread 76" [_thread_blocked, id=13472, stack(0x0000000026f20000,0x0000000027020000)]
  0x00000000160ba800 JavaThread "jar transforms Thread 75" [_thread_blocked, id=25052, stack(0x0000000026e20000,0x0000000026f20000)]
  0x00000000160bc000 JavaThread "jar transforms Thread 74" [_thread_blocked, id=14488, stack(0x0000000026d20000,0x0000000026e20000)]
  0x00000000160b9800 JavaThread "jar transforms Thread 73" [_thread_blocked, id=27408, stack(0x00000000266d0000,0x00000000267d0000)]
  0x00000000160b9000 JavaThread "jar transforms Thread 72" [_thread_blocked, id=20628, stack(0x00000000265d0000,0x00000000266d0000)]
  0x00000000160bf000 JavaThread "jar transforms Thread 71" [_thread_blocked, id=25624, stack(0x00000000254c0000,0x00000000255c0000)]
  0x00000000160b1800 JavaThread "jar transforms Thread 70" [_thread_blocked, id=5600, stack(0x00000000253c0000,0x00000000254c0000)]
  0x00000000160b8000 JavaThread "jar transforms Thread 69" [_thread_blocked, id=19616, stack(0x00000000269b0000,0x0000000026ab0000)]
  0x00000000160b0800 JavaThread "jar transforms Thread 68" [_thread_blocked, id=28016, stack(0x0000000026ad0000,0x0000000026bd0000)]
  0x00000000160b7800 JavaThread "jar transforms Thread 67" [_thread_blocked, id=25608, stack(0x00000000268b0000,0x00000000269b0000)]
  0x00000000160b6800 JavaThread "jar transforms Thread 66" [_thread_blocked, id=25540, stack(0x00000000264d0000,0x00000000265d0000)]
  0x00000000160b4800 JavaThread "jar transforms Thread 65" [_thread_blocked, id=31248, stack(0x0000000025a80000,0x0000000025b80000)]
  0x00000000160b0000 JavaThread "jar transforms Thread 64" [_thread_blocked, id=27764, stack(0x0000000025980000,0x0000000025a80000)]
  0x00000000160b5000 JavaThread "jar transforms Thread 63" [_thread_blocked, id=1284, stack(0x00000000263d0000,0x00000000264d0000)]
  0x00000000160b3800 JavaThread "jar transforms Thread 62" [_thread_blocked, id=2668, stack(0x00000000262d0000,0x00000000263d0000)]
  0x00000000160b2000 JavaThread "jar transforms Thread 61" [_thread_blocked, id=18744, stack(0x00000000261d0000,0x00000000262d0000)]
  0x00000000160b6000 JavaThread "jar transforms Thread 60" [_thread_blocked, id=2920, stack(0x00000000260d0000,0x00000000261d0000)]
  0x00000000160b3000 JavaThread "jar transforms Thread 59" [_thread_blocked, id=29176, stack(0x0000000025fd0000,0x00000000260d0000)]
  0x000000001b475800 JavaThread "jar transforms Thread 58" [_thread_blocked, id=32836, stack(0x0000000025ed0000,0x0000000025fd0000)]
  0x000000001b474800 JavaThread "jar transforms Thread 57" [_thread_blocked, id=16412, stack(0x0000000025dd0000,0x0000000025ed0000)]
  0x000000001b477000 JavaThread "jar transforms Thread 56" [_thread_blocked, id=31188, stack(0x0000000025cd0000,0x0000000025dd0000)]
  0x000000001b474000 JavaThread "jar transforms Thread 55" [_thread_blocked, id=32228, stack(0x0000000025bd0000,0x0000000025cd0000)]
  0x000000001b473000 JavaThread "jar transforms Thread 54" [_thread_blocked, id=29000, stack(0x0000000025880000,0x0000000025980000)]
  0x000000001b47a000 JavaThread "jar transforms Thread 53" [_thread_blocked, id=17820, stack(0x0000000025050000,0x0000000025150000)]
  0x000000001b479000 JavaThread "jar transforms Thread 52" [_thread_blocked, id=32096, stack(0x0000000025780000,0x0000000025880000)]
  0x000000001b477800 JavaThread "jar transforms Thread 51" [_thread_blocked, id=30100, stack(0x0000000025680000,0x0000000025780000)]
  0x000000001b476000 JavaThread "jar transforms Thread 50" [_thread_blocked, id=10816, stack(0x00000000252c0000,0x00000000253c0000)]
  0x000000001b478800 JavaThread "jar transforms Thread 49" [_thread_blocked, id=25100, stack(0x00000000251c0000,0x00000000252c0000)]
  0x000000001b46e800 JavaThread "jar transforms Thread 48" [_thread_blocked, id=19232, stack(0x0000000024f50000,0x0000000025050000)]
  0x000000001b46b800 JavaThread "jar transforms Thread 47" [_thread_blocked, id=22732, stack(0x0000000024e50000,0x0000000024f50000)]
  0x000000001b46c800 JavaThread "jar transforms Thread 46" [_thread_blocked, id=33128, stack(0x0000000024d50000,0x0000000024e50000)]
  0x000000001b472800 JavaThread "jar transforms Thread 45" [_thread_blocked, id=23164, stack(0x0000000024c50000,0x0000000024d50000)]
  0x000000001b46b000 JavaThread "jar transforms Thread 44" [_thread_blocked, id=17832, stack(0x0000000024b50000,0x0000000024c50000)]
  0x000000001b471000 JavaThread "jar transforms Thread 43" [_thread_blocked, id=13904, stack(0x0000000024a50000,0x0000000024b50000)]
  0x000000001b46e000 JavaThread "jar transforms Thread 42" [_thread_blocked, id=32388, stack(0x0000000024950000,0x0000000024a50000)]
  0x000000001b46d000 JavaThread "jar transforms Thread 41" [_thread_blocked, id=17536, stack(0x0000000024850000,0x0000000024950000)]
  0x000000001b471800 JavaThread "jar transforms Thread 40" [_thread_blocked, id=21424, stack(0x0000000024750000,0x0000000024850000)]
  0x000000001b46f800 JavaThread "jar transforms Thread 39" [_thread_blocked, id=24080, stack(0x0000000024650000,0x0000000024750000)]
  0x000000001b470000 JavaThread "jar transforms Thread 38" [_thread_blocked, id=24880, stack(0x0000000024550000,0x0000000024650000)]
  0x0000000016f70800 JavaThread "jar transforms Thread 37" [_thread_blocked, id=31292, stack(0x0000000024330000,0x0000000024430000)]
  0x0000000016f73800 JavaThread "jar transforms Thread 36" [_thread_blocked, id=23944, stack(0x0000000024450000,0x0000000024550000)]
  0x0000000016f70000 JavaThread "jar transforms Thread 35" [_thread_blocked, id=17700, stack(0x0000000024110000,0x0000000024210000)]
  0x0000000016f6f000 JavaThread "jar transforms Thread 34" [_thread_blocked, id=9804, stack(0x0000000024230000,0x0000000024330000)]
  0x0000000016f76000 JavaThread "jar transforms Thread 33" [_thread_blocked, id=33452, stack(0x0000000024010000,0x0000000024110000)]
  0x0000000016f71800 JavaThread "jar transforms Thread 32" [_thread_blocked, id=32172, stack(0x000000001f350000,0x000000001f450000)]
  0x000000001c3b7800 JavaThread "jar transforms Thread 31" [_thread_blocked, id=33708, stack(0x000000001f250000,0x000000001f350000)]
  0x000000001c3b0000 JavaThread "jar transforms Thread 30" [_thread_blocked, id=4800, stack(0x000000001f150000,0x000000001f250000)]
  0x000000001c3b6800 JavaThread "jar transforms Thread 29" [_thread_blocked, id=18556, stack(0x000000001f050000,0x000000001f150000)]
  0x000000001c3af000 JavaThread "jar transforms Thread 28" [_thread_blocked, id=30596, stack(0x000000001ef50000,0x000000001f050000)]
  0x000000001c3b6000 JavaThread "jar transforms Thread 27" [_thread_blocked, id=2120, stack(0x000000001ee50000,0x000000001ef50000)]
  0x000000001c3b5000 JavaThread "jar transforms Thread 26" [_thread_blocked, id=33420, stack(0x000000001ed50000,0x000000001ee50000)]
  0x000000001c3b0800 JavaThread "jar transforms Thread 25" [_thread_blocked, id=28316, stack(0x000000001ec50000,0x000000001ed50000)]
  0x000000001c3b3800 JavaThread "jar transforms Thread 24" [_thread_blocked, id=26512, stack(0x000000001eb50000,0x000000001ec50000)]
  0x000000001cab3800 JavaThread "jar transforms Thread 23" [_thread_blocked, id=28188, stack(0x000000001ea50000,0x000000001eb50000)]
  0x000000001cab3000 JavaThread "jar transforms Thread 22" [_thread_blocked, id=14056, stack(0x000000001e950000,0x000000001ea50000)]
  0x000000001cab1800 JavaThread "jar transforms Thread 21" [_thread_blocked, id=25112, stack(0x000000001e5a0000,0x000000001e6a0000)]
  0x000000001cab0800 JavaThread "jar transforms Thread 20" [_thread_blocked, id=27744, stack(0x000000001d430000,0x000000001d530000)]
  0x000000001cab0000 JavaThread "jar transforms Thread 19" [_thread_blocked, id=22184, stack(0x000000001d330000,0x000000001d430000)]
  0x000000001cab2000 JavaThread "jar transforms Thread 18" [_thread_blocked, id=30176, stack(0x000000001a890000,0x000000001a990000)]
  0x000000001caa8800 JavaThread "jar transforms Thread 17" [_thread_blocked, id=11300, stack(0x0000000000bc0000,0x0000000000cc0000)]
  0x000000001caaf000 JavaThread "jar transforms Thread 16" [_thread_blocked, id=12848, stack(0x0000000000ac0000,0x0000000000bc0000)]
  0x000000001caad000 JavaThread "Build operations Thread 8" [_thread_blocked, id=22204, stack(0x0000000023d10000,0x0000000023e10000)]
  0x000000001caac000 JavaThread "Build operations Thread 7" [_thread_blocked, id=26720, stack(0x0000000023c10000,0x0000000023d10000)]
  0x000000001caa4800 JavaThread "Build operations Thread 6" [_thread_blocked, id=27864, stack(0x0000000023b10000,0x0000000023c10000)]
  0x000000001caa7800 JavaThread "Build operations Thread 5" [_thread_blocked, id=12060, stack(0x0000000023a10000,0x0000000023b10000)]
  0x000000001caa7000 JavaThread "Build operations Thread 4" [_thread_blocked, id=32608, stack(0x0000000023910000,0x0000000023a10000)]
  0x000000001caa5800 JavaThread "Build operations Thread 3" [_thread_blocked, id=7984, stack(0x0000000023810000,0x0000000023910000)]
  0x000000001caa6000 JavaThread "Build operations Thread 2" [_thread_blocked, id=31896, stack(0x0000000023710000,0x0000000023810000)]
  0x000000001caaa800 JavaThread "Build operations" [_thread_blocked, id=17716, stack(0x0000000023610000,0x0000000023710000)]
  0x000000001caaa000 JavaThread "Cache worker for Build Output Cleanup Cache (C:\git\MemoChatApp\android\.gradle\buildOutputCleanup)" [_thread_blocked, id=2468, stack(0x0000000021920000,0x0000000021a20000)]
  0x000000001c3bd800 JavaThread "Cache worker for file content cache (C:\git\Select\.gradle\caches\6.7.1\fileContent)" [_thread_blocked, id=27640, stack(0x0000000020450000,0x0000000020550000)]
  0x000000001c3b9000 JavaThread "Cache worker for execution history cache (C:\git\Select\.gradle\caches\6.7.1\executionHistory)" [_thread_blocked, id=15108, stack(0x000000001f950000,0x000000001fa50000)]
  0x000000001c3b1800 JavaThread "Cache worker for cache directory md-rule (C:\git\Select\.gradle\caches\6.7.1\md-rule)" [_thread_blocked, id=24416, stack(0x000000001f850000,0x000000001f950000)]
  0x000000001c3b2000 JavaThread "Cache worker for cache directory md-supplier (C:\git\Select\.gradle\caches\6.7.1\md-supplier)" [_thread_blocked, id=27960, stack(0x000000001f750000,0x000000001f850000)]
  0x000000001c3b8800 JavaThread "Cache worker for checksums cache (C:\git\MemoChatApp\android\.gradle\checksums)" [_thread_blocked, id=14072, stack(0x000000001f650000,0x000000001f750000)]
  0x0000000016f72000 JavaThread "jar transforms Thread 4" [_thread_blocked, id=32032, stack(0x000000001e6a0000,0x000000001e7a0000)]
  0x0000000016f73000 JavaThread "Cache worker for file hash cache (C:\git\MemoChatApp\android\.gradle\6.7.1\fileHashes)" [_thread_blocked, id=32596, stack(0x000000001e850000,0x000000001e950000)]
  0x0000000016f75800 JavaThread "Cache worker for journal cache (C:\git\Select\.gradle\caches\journal-1)" [_thread_blocked, id=28748, stack(0x000000001ae90000,0x000000001af90000)]
  0x0000000016f74800 JavaThread "File lock request listener" [_thread_in_native, id=15416, stack(0x000000001ad90000,0x000000001ae90000)]
  0x00000000189d9800 JavaThread "Cache worker for file hash cache (C:\git\Select\.gradle\caches\6.7.1\fileHashes)" [_thread_blocked, id=3048, stack(0x000000001ac90000,0x000000001ad90000)]
  0x0000000018976800 JavaThread "Thread-9" [_thread_blocked, id=13920, stack(0x000000001a990000,0x000000001aa90000)]
  0x000000001882c800 JavaThread "Asynchronous log dispatcher for DefaultDaemonConnection: socket connection from /127.0.0.1:61489 to /127.0.0.1:61490" [_thread_blocked, id=16928, stack(0x000000001a790000,0x000000001a890000)]
  0x000000001882a000 JavaThread "Daemon worker" [_thread_in_Java, id=28548, stack(0x000000001a690000,0x000000001a790000)]
  0x0000000018829000 JavaThread "Cancel handler" [_thread_blocked, id=27452, stack(0x000000001a590000,0x000000001a690000)]
  0x000000001880d000 JavaThread "Handler for socket connection from /127.0.0.1:61489 to /127.0.0.1:61490" [_thread_in_native, id=28680, stack(0x000000001a190000,0x000000001a290000)]
  0x000000001880a800 JavaThread "Daemon" [_thread_blocked, id=32256, stack(0x000000001a090000,0x000000001a190000)]
  0x00000000187ab000 JavaThread "Daemon periodic checks" [_thread_blocked, id=12144, stack(0x0000000019f90000,0x000000001a090000)]
  0x00000000187c1000 JavaThread "Incoming local TCP Connector on port 61489" [_thread_in_native, id=31876, stack(0x0000000019d40000,0x0000000019e40000)]
  0x000000001870c000 JavaThread "Daemon health stats" [_thread_blocked, id=30256, stack(0x0000000019500000,0x0000000019600000)]
  0x0000000015ec4800 JavaThread "Service Thread" daemon [_thread_blocked, id=27004, stack(0x0000000016b60000,0x0000000016c60000)]
  0x0000000015e3b800 JavaThread "C1 CompilerThread3" daemon [_thread_blocked, id=18720, stack(0x0000000016a60000,0x0000000016b60000)]
  0x0000000015e33000 JavaThread "C2 CompilerThread2" daemon [_thread_blocked, id=29748, stack(0x0000000016960000,0x0000000016a60000)]
  0x0000000015e2c800 JavaThread "C2 CompilerThread1" daemon [_thread_in_native, id=33184, stack(0x0000000016860000,0x0000000016960000)]
=>0x0000000015e29000 JavaThread "C2 CompilerThread0" daemon [_thread_in_native, id=27472, stack(0x0000000016760000,0x0000000016860000)]
  0x0000000015e28000 JavaThread "Attach Listener" daemon [_thread_blocked, id=32820, stack(0x0000000016660000,0x0000000016760000)]
  0x0000000015e27000 JavaThread "Signal Dispatcher" daemon [_thread_blocked, id=27884, stack(0x0000000016560000,0x0000000016660000)]
  0x0000000014022000 JavaThread "Finalizer" daemon [_thread_blocked, id=27724, stack(0x0000000016300000,0x0000000016400000)]
  0x000000001401b800 JavaThread "Reference Handler" daemon [_thread_blocked, id=17796, stack(0x0000000016200000,0x0000000016300000)]
  0x0000000000dbe000 JavaThread "main" [_thread_blocked, id=33228, stack(0x00000000025b0000,0x00000000026b0000)]

Other Threads:
  0x0000000014016000 VMThread [stack: 0x0000000015d00000,0x0000000015e00000] [id=13388]
  0x0000000015ec5000 WatcherThread [stack: 0x0000000016c60000,0x0000000016d60000] [id=24124]

VM state:not at safepoint (normal execution)

VM Mutex/Monitor currently owned by a thread: None

heap address: 0x00000000e0000000, size: 512 MB, Compressed Oops mode: 32-bit
Narrow klass base: 0x0000000000000000, Narrow klass shift: 3
Compressed class space size: 1073741824 Address: 0x0000000100000000

Heap:
 PSYoungGen      total 156672K, used 59338K [0x00000000f5580000, 0x0000000100000000, 0x0000000100000000)
  eden space 151040K, 35% used [0x00000000f5580000,0x00000000f89fa268,0x00000000fe900000)
  from space 5632K, 99% used [0x00000000ff880000,0x00000000ffdf8658,0x00000000ffe00000)
  to   space 11776K, 0% used [0x00000000fe900000,0x00000000fe900000,0x00000000ff480000)
 ParOldGen       total 235520K, used 41005K [0x00000000e0000000, 0x00000000ee600000, 0x00000000f5580000)
  object space 235520K, 17% used [0x00000000e0000000,0x00000000e280b780,0x00000000ee600000)
 Metaspace       used 66851K, capacity 69683K, committed 69848K, reserved 1110016K
  class space    used 8482K, capacity 9138K, committed 9216K, reserved 1048576K

Card table byte_map: [0x0000000011b70000,0x0000000011c80000] byte_map_base: 0x0000000011470000

Marking Bits: (ParMarkBitMap*) 0x0000000052179f30
 Begin Bits: [0x0000000012530000, 0x0000000012d30000)
 End Bits:   [0x0000000012d30000, 0x0000000013530000)

Polling page: 0x0000000000da0000

CodeCache: size=245760Kb used=35183Kb max_used=35342Kb free=210576Kb
 bounds [0x00000000027b0000, 0x0000000004aa0000, 0x00000000117b0000]
 total_blobs=9655 nmethods=8825 adapters=742
 compilation: enabled

Compilation events (10 events):
Event: 136.252 Thread 0x0000000015e3b800 nmethod 10905 0x00000000029dd650 code [0x00000000029dd7e0, 0x00000000029ddb78]
Event: 136.252 Thread 0x0000000015e3b800 10906       3       kotlin.sequences.TransformingSequence::iterator (12 bytes)
Event: 136.253 Thread 0x0000000015e3b800 nmethod 10906 0x0000000003e06250 code [0x0000000003e063c0, 0x0000000003e06748]
Event: 136.253 Thread 0x0000000015e3b800 10907       3       kotlin.sequences.TransformingSequence$iterator$1::<init> (23 bytes)
Event: 136.254 Thread 0x0000000015e3b800 nmethod 10907 0x0000000002b881d0 code [0x0000000002b88340, 0x0000000002b88608]
Event: 136.360 Thread 0x0000000015e3b800 10908       3       org.gradle.api.internal.provider.AbstractProperty$NonFinalizedValue::setConvention (6 bytes)
Event: 136.361 Thread 0x0000000015e3b800 nmethod 10908 0x0000000003930790 code [0x00000000039308e0, 0x0000000003930a50]
Event: 136.816 Thread 0x0000000015e33000 nmethod 10883% 0x0000000004a49e90 code [0x0000000004a4a2e0, 0x0000000004a4e8d0]
Event: 136.817 Thread 0x0000000015e33000 10895       4       java.util.TreeMap::get (19 bytes)
Event: 136.834 Thread 0x0000000015e33000 nmethod 10895 0x00000000036023d0 code [0x0000000003602520, 0x00000000036028b8]

GC Heap History (10 events):
Event: 92.796 GC heap before
{Heap before GC invocations=61 (full 2):
 PSYoungGen      total 165888K, used 158976K [0x00000000f5580000, 0x00000000ffe80000, 0x0000000100000000)
  eden space 158720K, 100% used [0x00000000f5580000,0x00000000ff080000,0x00000000ff080000)
  from space 7168K, 3% used [0x00000000ff780000,0x00000000ff7c0000,0x00000000ffe80000)
  to   space 7168K, 0% used [0x00000000ff080000,0x00000000ff080000,0x00000000ff780000)
 ParOldGen       total 175104K, used 80770K [0x00000000e0000000, 0x00000000eab00000, 0x00000000f5580000)
  object space 175104K, 46% used [0x00000000e0000000,0x00000000e4ee0a48,0x00000000eab00000)
 Metaspace       used 51613K, capacity 53793K, committed 53888K, reserved 1095680K
  class space    used 6527K, capacity 7002K, committed 7040K, reserved 1048576K
Event: 92.799 GC heap after
Heap after GC invocations=61 (full 2):
 PSYoungGen      total 165888K, used 1376K [0x00000000f5580000, 0x0000000100000000, 0x0000000100000000)
  eden space 158720K, 0% used [0x00000000f5580000,0x00000000f5580000,0x00000000ff080000)
  from space 7168K, 19% used [0x00000000ff080000,0x00000000ff1d8000,0x00000000ff780000)
  to   space 7168K, 0% used [0x00000000ff900000,0x00000000ff900000,0x0000000100000000)
 ParOldGen       total 175104K, used 80818K [0x00000000e0000000, 0x00000000eab00000, 0x00000000f5580000)
  object space 175104K, 46% used [0x00000000e0000000,0x00000000e4eeca48,0x00000000eab00000)
 Metaspace       used 51613K, capacity 53793K, committed 53888K, reserved 1095680K
  class space    used 6527K, capacity 7002K, committed 7040K, reserved 1048576K
}
Event: 93.990 GC heap before
{Heap before GC invocations=62 (full 2):
 PSYoungGen      total 165888K, used 160096K [0x00000000f5580000, 0x0000000100000000, 0x0000000100000000)
  eden space 158720K, 100% used [0x00000000f5580000,0x00000000ff080000,0x00000000ff080000)
  from space 7168K, 19% used [0x00000000ff080000,0x00000000ff1d8000,0x00000000ff780000)
  to   space 7168K, 0% used [0x00000000ff900000,0x00000000ff900000,0x0000000100000000)
 ParOldGen       total 175104K, used 80818K [0x00000000e0000000, 0x00000000eab00000, 0x00000000f5580000)
  object space 175104K, 46% used [0x00000000e0000000,0x00000000e4eeca48,0x00000000eab00000)
 Metaspace       used 51614K, capacity 53793K, committed 53888K, reserved 1095680K
  class space    used 6527K, capacity 7002K, committed 7040K, reserved 1048576K
Event: 93.993 GC heap after
Heap after GC invocations=62 (full 2):
 PSYoungGen      total 166400K, used 320K [0x00000000f5580000, 0x00000000fff00000, 0x0000000100000000)
  eden space 160256K, 0% used [0x00000000f5580000,0x00000000f5580000,0x00000000ff200000)
  from space 6144K, 5% used [0x00000000ff900000,0x00000000ff950000,0x00000000fff00000)
  to   space 6656K, 0% used [0x00000000ff200000,0x00000000ff200000,0x00000000ff880000)
 ParOldGen       total 175104K, used 80818K [0x00000000e0000000, 0x00000000eab00000, 0x00000000f5580000)
  object space 175104K, 46% used [0x00000000e0000000,0x00000000e4eeca48,0x00000000eab00000)
 Metaspace       used 51614K, capacity 53793K, committed 53888K, reserved 1095680K
  class space    used 6527K, capacity 7002K, committed 7040K, reserved 1048576K
}
Event: 96.001 GC heap before
{Heap before GC invocations=63 (full 2):
 PSYoungGen      total 166400K, used 81821K [0x00000000f5580000, 0x00000000fff00000, 0x0000000100000000)
  eden space 160256K, 50% used [0x00000000f5580000,0x00000000fa5177a0,0x00000000ff200000)
  from space 6144K, 5% used [0x00000000ff900000,0x00000000ff950000,0x00000000fff00000)
  to   space 6656K, 0% used [0x00000000ff200000,0x00000000ff200000,0x00000000ff880000)
 ParOldGen       total 175104K, used 80818K [0x00000000e0000000, 0x00000000eab00000, 0x00000000f5580000)
  object space 175104K, 46% used [0x00000000e0000000,0x00000000e4eeca48,0x00000000eab00000)
 Metaspace       used 56421K, capacity 58865K, committed 59096K, reserved 1101824K
  class space    used 7093K, capacity 7663K, committed 7680K, reserved 1048576K
Event: 96.010 GC heap after
Heap after GC invocations=63 (full 2):
 PSYoungGen      total 162816K, used 6401K [0x00000000f5580000, 0x00000000ffe00000, 0x0000000100000000)
  eden space 156160K, 0% used [0x00000000f5580000,0x00000000f5580000,0x00000000fee00000)
  from space 6656K, 96% used [0x00000000ff200000,0x00000000ff8405a0,0x00000000ff880000)
  to   space 5632K, 0% used [0x00000000ff880000,0x00000000ff880000,0x00000000ffe00000)
 ParOldGen       total 175104K, used 80826K [0x00000000e0000000, 0x00000000eab00000, 0x00000000f5580000)
  object space 175104K, 46% used [0x00000000e0000000,0x00000000e4eeea48,0x00000000eab00000)
 Metaspace       used 56421K, capacity 58865K, committed 59096K, reserved 1101824K
  class space    used 7093K, capacity 7663K, committed 7680K, reserved 1048576K
}
Event: 96.011 GC heap before
{Heap before GC invocations=64 (full 3):
 PSYoungGen      total 162816K, used 6401K [0x00000000f5580000, 0x00000000ffe00000, 0x0000000100000000)
  eden space 156160K, 0% used [0x00000000f5580000,0x00000000f5580000,0x00000000fee00000)
  from space 6656K, 96% used [0x00000000ff200000,0x00000000ff8405a0,0x00000000ff880000)
  to   space 5632K, 0% used [0x00000000ff880000,0x00000000ff880000,0x00000000ffe00000)
 ParOldGen       total 175104K, used 80826K [0x00000000e0000000, 0x00000000eab00000, 0x00000000f5580000)
  object space 175104K, 46% used [0x00000000e0000000,0x00000000e4eeea48,0x00000000eab00000)
 Metaspace       used 56421K, capacity 58865K, committed 59096K, reserved 1101824K
  class space    used 7093K, capacity 7663K, committed 7680K, reserved 1048576K
Event: 96.336 GC heap after
Heap after GC invocations=64 (full 3):
 PSYoungGen      total 162816K, used 0K [0x00000000f5580000, 0x00000000ffe00000, 0x0000000100000000)
  eden space 156160K, 0% used [0x00000000f5580000,0x00000000f5580000,0x00000000fee00000)
  from space 6656K, 0% used [0x00000000ff200000,0x00000000ff200000,0x00000000ff880000)
  to   space 5632K, 0% used [0x00000000ff880000,0x00000000ff880000,0x00000000ffe00000)
 ParOldGen       total 235520K, used 32670K [0x00000000e0000000, 0x00000000ee600000, 0x00000000f5580000)
  object space 235520K, 13% used [0x00000000e0000000,0x00000000e1fe7978,0x00000000ee600000)
 Metaspace       used 56134K, capacity 58301K, committed 59096K, reserved 1101824K
  class space    used 7025K, capacity 7519K, committed 7680K, reserved 1048576K
}
Event: 100.133 GC heap before
{Heap before GC invocations=65 (full 3):
 PSYoungGen      total 162816K, used 156160K [0x00000000f5580000, 0x00000000ffe00000, 0x0000000100000000)
  eden space 156160K, 100% used [0x00000000f5580000,0x00000000fee00000,0x00000000fee00000)
  from space 6656K, 0% used [0x00000000ff200000,0x00000000ff200000,0x00000000ff880000)
  to   space 5632K, 0% used [0x00000000ff880000,0x00000000ff880000,0x00000000ffe00000)
 ParOldGen       total 235520K, used 32670K [0x00000000e0000000, 0x00000000ee600000, 0x00000000f5580000)
  object space 235520K, 13% used [0x00000000e0000000,0x00000000e1fe7978,0x00000000ee600000)
 Metaspace       used 64709K, capacity 67317K, committed 67416K, reserved 1107968K
  class space    used 8169K, capacity 8793K, committed 8832K, reserved 1048576K
Event: 100.146 GC heap after
Heap after GC invocations=65 (full 3):
 PSYoungGen      total 156672K, used 5601K [0x00000000f5580000, 0x0000000100000000, 0x0000000100000000)
  eden space 151040K, 0% used [0x00000000f5580000,0x00000000f5580000,0x00000000fe900000)
  from space 5632K, 99% used [0x00000000ff880000,0x00000000ffdf8658,0x00000000ffe00000)
  to   space 11776K, 0% used [0x00000000fe900000,0x00000000fe900000,0x00000000ff480000)
 ParOldGen       total 235520K, used 41005K [0x00000000e0000000, 0x00000000ee600000, 0x00000000f5580000)
  object space 235520K, 17% used [0x00000000e0000000,0x00000000e280b780,0x00000000ee600000)
 Metaspace       used 64709K, capacity 67317K, committed 67416K, reserved 1107968K
  class space    used 8169K, capacity 8793K, committed 8832K, reserved 1048576K
}

Deoptimization events (10 events):
Event: 100.200 Thread 0x000000001882a000 Uncommon trap: reason=bimorphic action=maybe_recompile pc=0x00000000028c3498 method=org.codehaus.groovy.util.SingleKeyHashMap.get(Ljava/lang/Object;)Ljava/lang/Object; @ 43
Event: 100.335 Thread 0x000000001882a000 Uncommon trap: reason=unstable_if action=reinterpret pc=0x00000000039c25f0 method=org.codehaus.groovy.runtime.metaclass.MetaMethodIndex.addMethodToList(Ljava/lang/Object;Lgroovy/lang/MetaMethod;)Ljava/lang/Object; @ 256
Event: 100.404 Thread 0x000000001882a000 Uncommon trap: reason=unstable_if action=reinterpret pc=0x00000000042f6b58 method=java.util.HashMap.getNode(ILjava/lang/Object;)Ljava/util/HashMap$Node; @ 84
Event: 100.404 Thread 0x000000001882a000 Uncommon trap: reason=unstable_if action=reinterpret pc=0x0000000003c180a4 method=java.util.HashMap.putVal(ILjava/lang/Object;Ljava/lang/Object;ZZ)Ljava/lang/Object; @ 109
Event: 100.404 Thread 0x000000001882a000 Uncommon trap: reason=unstable_if action=reinterpret pc=0x000000000318f528 method=java.util.HashMap.getNode(ILjava/lang/Object;)Ljava/util/HashMap$Node; @ 84
Event: 100.404 Thread 0x000000001882a000 Uncommon trap: reason=unstable_if action=reinterpret pc=0x0000000002dac124 method=java.util.HashMap.putVal(ILjava/lang/Object;Ljava/lang/Object;ZZ)Ljava/lang/Object; @ 109
Event: 100.405 Thread 0x000000001882a000 Uncommon trap: reason=unstable_if action=reinterpret pc=0x0000000002d78f1c method=java.util.HashMap.getNode(ILjava/lang/Object;)Ljava/util/HashMap$Node; @ 84
Event: 100.405 Thread 0x000000001882a000 Uncommon trap: reason=unstable_if action=reinterpret pc=0x0000000002adb2bc method=java.util.HashMap.resize()[Ljava/util/HashMap$Node; @ 206
Event: 134.727 Thread 0x000000001882a000 Uncommon trap: reason=bimorphic action=maybe_recompile pc=0x000000000413a518 method=java.util.AbstractQueue.add(Ljava/lang/Object;)Z @ 2
Event: 134.727 Thread 0x000000001882a000 Uncommon trap: reason=bimorphic action=maybe_recompile pc=0x000000000413a518 method=java.util.AbstractQueue.add(Ljava/lang/Object;)Z @ 2

Classes redefined (0 events):
No events

Internal exceptions (10 events):
Event: 134.074 Thread 0x000000001882a000 Exception <a 'java/lang/ClassNotFoundException': com/android/build/gradle/internal/api/DefaultAndroidSourceSetCustomizer> (0x00000000f7541510) thrown at [D:\src\AOSP-openjdk-cygwin\jdk8u\hotspot\src\share\vm\classfile\systemDictionary.cpp, line 210]
Event: 134.085 Thread 0x000000001882a000 Exception <a 'java/lang/ClassNotFoundException': com/android/build/gradle/internal/api/DefaultAndroidSourceSet_DecoratedCustomizer> (0x00000000f75e98c0) thrown at [D:\src\AOSP-openjdk-cygwin\jdk8u\hotspot\src\share\vm\classfile\systemDictionary.cpp, line 
Event: 134.110 Thread 0x000000001882a000 Exception <a 'java/lang/ClassNotFoundException': com/android/build/gradle/internal/api/DefaultAndroidSourceDirectorySetBeanInfo> (0x00000000f768b978) thrown at [D:\src\AOSP-openjdk-cygwin\jdk8u\hotspot\src\share\vm\classfile\systemDictionary.cpp, line 210
Event: 134.112 Thread 0x000000001882a000 Exception <a 'java/lang/ClassNotFoundException': com/android/build/gradle/internal/api/DefaultAndroidSourceDirectorySetCustomizer> (0x00000000f76b0cc0) thrown at [D:\src\AOSP-openjdk-cygwin\jdk8u\hotspot\src\share\vm\classfile\systemDictionary.cpp, line 2
Event: 134.148 Thread 0x000000001882a000 Exception <a 'java/lang/ClassNotFoundException': com/google/common/collect/SingletonImmutableSetBeanInfo> (0x00000000f77e0fd8) thrown at [D:\src\AOSP-openjdk-cygwin\jdk8u\hotspot\src\share\vm\classfile\systemDictionary.cpp, line 210]
Event: 134.155 Thread 0x000000001882a000 Exception <a 'java/lang/ClassNotFoundException': com/google/common/collect/ImmutableSetBeanInfo> (0x00000000f77fbf10) thrown at [D:\src\AOSP-openjdk-cygwin\jdk8u\hotspot\src\share\vm\classfile\systemDictionary.cpp, line 210]
Event: 134.158 Thread 0x000000001882a000 Exception <a 'java/lang/ClassNotFoundException': com/google/common/collect/ImmutableCollectionBeanInfo> (0x00000000f7819e28) thrown at [D:\src\AOSP-openjdk-cygwin\jdk8u\hotspot\src\share\vm\classfile\systemDictionary.cpp, line 210]
Event: 134.161 Thread 0x000000001882a000 Exception <a 'java/lang/ClassNotFoundException': com/google/common/collect/ImmutableCollectionCustomizer> (0x00000000f78380d0) thrown at [D:\src\AOSP-openjdk-cygwin\jdk8u\hotspot\src\share\vm\classfile\systemDictionary.cpp, line 210]
Event: 134.170 Thread 0x000000001882a000 Exception <a 'java/lang/ClassNotFoundException': com/google/common/collect/ImmutableSetCustomizer> (0x00000000f7868288) thrown at [D:\src\AOSP-openjdk-cygwin\jdk8u\hotspot\src\share\vm\classfile\systemDictionary.cpp, line 210]
Event: 134.178 Thread 0x000000001882a000 Exception <a 'java/lang/ClassNotFoundException': com/google/common/collect/SingletonImmutableSetCustomizer> (0x00000000f78a7c08) thrown at [D:\src\AOSP-openjdk-cygwin\jdk8u\hotspot\src\share\vm\classfile\systemDictionary.cpp, line 210]

Events (10 events):
Event: 136.656 loading class com/google/wireless/android/sdk/stats/ApiVersion$Builder
Event: 136.656 loading class com/google/wireless/android/sdk/stats/ApiVersion$Builder done
Event: 136.856 loading class com/android/build/api/variant/impl/VariantApiExtensionsKt
Event: 136.856 loading class com/android/build/api/variant/impl/VariantApiExtensionsKt done
Event: 136.862 loading class com/android/builder/dexing/DexingTypeKt
Event: 136.862 loading class com/android/builder/dexing/DexingTypeKt done
Event: 136.867 loading class com/android/builder/dexing/DexerTool
Event: 136.867 loading class com/android/builder/dexing/DexerTool done
Event: 136.879 loading class com/android/build/gradle/internal/profile/AnalyticsUtil$1
Event: 136.879 loading class com/android/build/gradle/internal/profile/AnalyticsUtil$1 done


Dynamic libraries:
0x00007ff600630000 - 0x00007ff600661000 	C:\Program Files\Android\Android Studio\jre\bin\java.exe
0x00007fff20fc0000 - 0x00007fff211c9000 	C:\WINDOWS\SYSTEM32\ntdll.dll
0x00007fff1fdb0000 - 0x00007fff1fe6d000 	C:\WINDOWS\System32\KERNEL32.DLL
0x00007fff1e880000 - 0x00007fff1ebf4000 	C:\WINDOWS\System32\KERNELBASE.dll
0x00007fff1fd00000 - 0x00007fff1fdae000 	C:\WINDOWS\System32\ADVAPI32.dll
0x00007fff1f680000 - 0x00007fff1f723000 	C:\WINDOWS\System32\msvcrt.dll
0x00007fff1ff70000 - 0x00007fff2000e000 	C:\WINDOWS\System32\sechost.dll
0x00007fff1f1e0000 - 0x00007fff1f300000 	C:\WINDOWS\System32\RPCRT4.dll
0x00007fff1f030000 - 0x00007fff1f1dc000 	C:\WINDOWS\System32\USER32.dll
0x00007fff1eca0000 - 0x00007fff1ecc6000 	C:\WINDOWS\System32\win32u.dll
0x00007fff1f8d0000 - 0x00007fff1f8f9000 	C:\WINDOWS\System32\GDI32.dll
0x00007fff1ecd0000 - 0x00007fff1ede2000 	C:\WINDOWS\System32\gdi32full.dll
0x00007fff1ec00000 - 0x00007fff1ec9d000 	C:\WINDOWS\System32\msvcp_win.dll
0x00007fff1e4b0000 - 0x00007fff1e5c1000 	C:\WINDOWS\System32\ucrtbase.dll
0x00007fff1d6f0000 - 0x00007fff1d995000 	C:\WINDOWS\WinSxS\amd64_microsoft.windows.common-controls_6595b64144ccf1df_6.0.22000.120_none_9d947278b86cc467\COMCTL32.dll
0x00007fff20480000 - 0x00007fff204b1000 	C:\WINDOWS\System32\IMM32.DLL
0x00000000517f0000 - 0x00000000518c2000 	C:\Program Files\Android\Android Studio\jre\jre\bin\msvcr100.dll
0x00000000519b0000 - 0x00000000521f6000 	C:\Program Files\Android\Android Studio\jre\jre\bin\server\jvm.dll
0x00007fff205d0000 - 0x00007fff205d8000 	C:\WINDOWS\System32\PSAPI.DLL
0x00007fff0ea60000 - 0x00007fff0ea69000 	C:\WINDOWS\SYSTEM32\WSOCK32.dll
0x00007fff15910000 - 0x00007fff15943000 	C:\WINDOWS\SYSTEM32\WINMM.dll
0x00007fff1fe70000 - 0x00007fff1fedf000 	C:\WINDOWS\System32\WS2_32.dll
0x00007fff1d2e0000 - 0x00007fff1d2ea000 	C:\WINDOWS\SYSTEM32\VERSION.dll
0x00007fff1dd40000 - 0x00007fff1dd4f000 	C:\Program Files\Android\Android Studio\jre\jre\bin\verify.dll
0x00007ffeeeee0000 - 0x00007ffeeef09000 	C:\Program Files\Android\Android Studio\jre\jre\bin\java.dll
0x00007fff00d10000 - 0x00007fff00d26000 	C:\Program Files\Android\Android Studio\jre\jre\bin\zip.dll
0x00007fff20690000 - 0x00007fff20e3e000 	C:\WINDOWS\System32\SHELL32.dll
0x00007fff1b700000 - 0x00007fff1bf68000 	C:\WINDOWS\SYSTEM32\windows.storage.dll
0x00007fff1f300000 - 0x00007fff1f678000 	C:\WINDOWS\System32\combase.dll
0x00007fff1b590000 - 0x00007fff1b6f6000 	C:\WINDOWS\SYSTEM32\wintypes.dll
0x00007fff204e0000 - 0x00007fff205ca000 	C:\WINDOWS\System32\SHCORE.dll
0x00007fff1fb40000 - 0x00007fff1fb9d000 	C:\WINDOWS\System32\shlwapi.dll
0x00007fff1e3e0000 - 0x00007fff1e401000 	C:\WINDOWS\SYSTEM32\profapi.dll
0x00007ffef9650000 - 0x00007ffef966a000 	C:\Program Files\Android\Android Studio\jre\jre\bin\net.dll
0x00007fff10b20000 - 0x00007fff10d0f000 	C:\WINDOWS\SYSTEM32\urlmon.dll
0x00007fff1c090000 - 0x00007fff1c09c000 	C:\WINDOWS\SYSTEM32\netutils.dll
0x00007fff10860000 - 0x00007fff10b13000 	C:\WINDOWS\SYSTEM32\iertutil.dll
0x00007fff14500000 - 0x00007fff14528000 	C:\WINDOWS\SYSTEM32\srvcli.dll
0x00007fff1d350000 - 0x00007fff1d3b7000 	C:\WINDOWS\system32\mswsock.dll
0x00007ffeeff10000 - 0x00007ffeeff23000 	C:\Program Files\Android\Android Studio\jre\jre\bin\nio.dll
0x00007fff0cc40000 - 0x00007fff0cc67000 	C:\git\Select\.gradle\native\fdc75f09e3144964f2cf3f50f0aa648679c211496f362492102eb8c894070792\windows-amd64\native-platform.dll
0x00007ffec4360000 - 0x00007ffec44f6000 	C:\git\Select\.gradle\native\12488b8bf47d2d4c9fbf2f6322a914ad602e24e48041cd04a747c6da556b65c4\windows-amd64\native-platform-file-events.dll
0x00007fff0c480000 - 0x00007fff0c48d000 	C:\Program Files\Android\Android Studio\jre\jre\bin\management.dll
0x00007fff1e0e0000 - 0x00007fff1e0f8000 	C:\WINDOWS\SYSTEM32\CRYPTSP.dll
0x00007fff1c5f0000 - 0x00007fff1c625000 	C:\WINDOWS\system32\rsaenh.dll
0x00007fff1d2b0000 - 0x00007fff1d2d9000 	C:\WINDOWS\SYSTEM32\USERENV.dll
0x00007fff1dd50000 - 0x00007fff1dd77000 	C:\WINDOWS\SYSTEM32\bcrypt.dll
0x00007fff1e800000 - 0x00007fff1e87f000 	C:\WINDOWS\System32\bcryptprimitives.dll
0x00007fff1e0d0000 - 0x00007fff1e0dc000 	C:\WINDOWS\SYSTEM32\CRYPTBASE.dll
0x00007fff1c2e0000 - 0x00007fff1c30d000 	C:\WINDOWS\SYSTEM32\IPHLPAPI.DLL
0x00007fff1f020000 - 0x00007fff1f029000 	C:\WINDOWS\System32\NSI.dll
0x00007fff143e0000 - 0x00007fff143f9000 	C:\WINDOWS\SYSTEM32\dhcpcsvc6.DLL
0x00007fff15d50000 - 0x00007fff15d6e000 	C:\WINDOWS\SYSTEM32\dhcpcsvc.DLL
0x00007fff1c310000 - 0x00007fff1c3f7000 	C:\WINDOWS\SYSTEM32\DNSAPI.dll
0x00007fff171c0000 - 0x00007fff171cc000 	C:\WINDOWS\SYSTEM32\WINNSI.DLL
0x00007ffee7e20000 - 0x00007ffee7e44000 	C:\Program Files\Android\Android Studio\jre\jre\bin\sunec.dll
0x00007fff14400000 - 0x00007fff1440a000 	C:\Windows\System32\rasadhlp.dll
0x00007fff100e0000 - 0x00007fff10161000 	C:\WINDOWS\System32\fwpuclnt.dll
0x00007fff0bd70000 - 0x00007fff0bd7b000 	C:\Program Files\Android\Android Studio\jre\jre\bin\sunmscapi.dll
0x00007fff1e5d0000 - 0x00007fff1e732000 	C:\WINDOWS\System32\CRYPT32.dll
0x00007fff1ddc0000 - 0x00007fff1dfe1000 	C:\WINDOWS\SYSTEM32\dbghelp.dll

VM Arguments:
jvm_args: -XX:MaxMetaspaceSize=256m -XX:+HeapDumpOnOutOfMemoryError -Xms256m -Xmx512m -Dfile.encoding=windows-1252 -Duser.country=GB -Duser.language=en -Duser.variant 
java_command: org.gradle.launcher.daemon.bootstrap.GradleDaemon 6.7.1
java_class_path (initial): C:\git\Select\.gradle\wrapper\dists\gradle-6.7.1-all\2moa8rlfac5eqlcfgk98k0deb\gradle-6.7.1\lib\gradle-launcher-6.7.1.jar
Launcher Type: SUN_STANDARD

Environment Variables:
JAVA_HOME=C:\Program Files\OpenJDK\jdk-17.0.1
PATH=C:\Program Files\OpenJDK\jdk-17.0.1\bin;%LOCALAPPDATA%\Android\Sdk\platform-tools;C:\WINDOWS\System32\WindowsPowershell\v1.0;C:\Users\laura\AppData\Local\Microsoft\WindowsApps;C:\Users\laura\AppData\Local\Programs\Microsoft VS Code\bin;C:\Program Files\MongoDB\Server\4.4\bin;C:\Users\laura\AppData\Local\GitHubDesktop\bin;C:\Program Files\Bandizip\;C:\Users\laura\AppData\Local\Microsoft\WindowsApps;C:\Users\laura\AppData\Roaming\npm;C:\Users\laura\AppData\Roaming\nvm;C:\Program Files\nodejs;C:\Users\laura\AppData\Local\Android\Sdk\platform-tools;
USERNAME=laura
OS=Windows_NT
PROCESSOR_IDENTIFIER=Intel64 Family 6 Model 126 Stepping 5, GenuineIntel



---------------  S Y S T E M  ---------------

OS: Windows 10.0 , 64 bit Build 22000 (10.0.22000.434)

CPU:total 8 (initial active 8) (4 cores per cpu, 2 threads per core) family 6 model 126 stepping 5, cmov, cx8, fxsr, mmx, sse, sse2, sse3, ssse3, sse4.1, sse4.2, popcnt, avx, avx2, aes, clmul, erms, 3dnowpref, lzcnt, ht, tsc, tscinvbit, bmi1, bmi2, adx

Memory: 4k page, physical 7964852k(377584k free), swap 20553100k(2802388k free)

vm_info: OpenJDK 64-Bit Server VM (25.212-b04) for windows-amd64 JRE (1.8.0_212-release-1586-b04), built by "builder" with MS VC++ 10.0 (VS2010)

time: Wed Mar 23 20:01:49 2022
timezone: Korea Standard Time
elapsed time: 137 seconds (0d 0h 2m 17s)

